proguard/seeds.txt
com.nibdev.otrtav2.R$anim: int slide_in_left
com.nibdev.otrtav2.R$anim: int slide_in_right
com.nibdev.otrtav2.R$attr: int circularProgressBarStyle
com.nibdev.otrtav2.R$attr: int click_remove_id
com.nibdev.otrtav2.R$attr: int collapsed_height
com.nibdev.otrtav2.R$attr: int drag_enabled
com.nibdev.otrtav2.R$attr: int drag_handle_id
com.nibdev.otrtav2.R$attr: int drag_scroll_start
com.nibdev.otrtav2.R$attr: int drag_start_mode
com.nibdev.otrtav2.R$attr: int drop_animation_duration
com.nibdev.otrtav2.R$attr: int fling_handle_id
com.nibdev.otrtav2.R$attr: int float_alpha
com.nibdev.otrtav2.R$attr: int float_background_color
com.nibdev.otrtav2.R$attr: int gravity
com.nibdev.otrtav2.R$attr: int marker_progress
com.nibdev.otrtav2.R$attr: int max_drag_scroll_speed
com.nibdev.otrtav2.R$attr: int progress
com.nibdev.otrtav2.R$attr: int progress_background_color
com.nibdev.otrtav2.R$attr: int progress_color
com.nibdev.otrtav2.R$attr: int remove_animation_duration
com.nibdev.otrtav2.R$attr: int remove_enabled
com.nibdev.otrtav2.R$attr: int remove_mode
com.nibdev.otrtav2.R$attr: int slide_shuffle_speed
com.nibdev.otrtav2.R$attr: int sort_enabled
com.nibdev.otrtav2.R$attr: int stroke_width
com.nibdev.otrtav2.R$attr: int track_drag_sort
com.nibdev.otrtav2.R$attr: int use_default_controller
com.nibdev.otrtav2.R$color: int black
com.nibdev.otrtav2.R$color: int dark_gray
com.nibdev.otrtav2.R$color: int light_gray
com.nibdev.otrtav2.R$color: int medium_gray
com.nibdev.otrtav2.R$color: int white
com.nibdev.otrtav2.R$drawable: int bg_dark_nowshadow
com.nibdev.otrtav2.R$drawable: int bg_dark_shadow
com.nibdev.otrtav2.R$drawable: int bg_light_shadow
com.nibdev.otrtav2.R$drawable: int bg_light_shadow_nopadding
com.nibdev.otrtav2.R$drawable: int bg_lvitem_menu_selected
com.nibdev.otrtav2.R$drawable: int glowitem
com.nibdev.otrtav2.R$drawable: int ib_bg
com.nibdev.otrtav2.R$drawable: int ic_action_about_dark
com.nibdev.otrtav2.R$drawable: int ic_action_about_light
com.nibdev.otrtav2.R$drawable: int ic_action_action_search_dark
com.nibdev.otrtav2.R$drawable: int ic_action_action_search_light
com.nibdev.otrtav2.R$drawable: int ic_action_code_dark
com.nibdev.otrtav2.R$drawable: int ic_action_code_light
com.nibdev.otrtav2.R$drawable: int ic_action_copy_dark
com.nibdev.otrtav2.R$drawable: int ic_action_copy_light
com.nibdev.otrtav2.R$drawable: int ic_action_cross_dark
com.nibdev.otrtav2.R$drawable: int ic_action_cross_light
com.nibdev.otrtav2.R$drawable: int ic_action_database_dark
com.nibdev.otrtav2.R$drawable: int ic_action_database_light
com.nibdev.otrtav2.R$drawable: int ic_action_debug_dark
com.nibdev.otrtav2.R$drawable: int ic_action_debug_light
com.nibdev.otrtav2.R$drawable: int ic_action_delay_dark
com.nibdev.otrtav2.R$drawable: int ic_action_delay_light
com.nibdev.otrtav2.R$drawable: int ic_action_layout_dark
com.nibdev.otrtav2.R$drawable: int ic_action_layout_light
com.nibdev.otrtav2.R$drawable: int ic_action_learn_dark
...
com.google.gson.internal.ConstructorConstructor$12
com.google.gson.internal.ConstructorConstructor$12: com.google.gson.internal.UnsafeAllocator unsafeAllocator
com.google.gson.internal.ConstructorConstructor$12: java.lang.Class val$rawType
com.google.gson.internal.ConstructorConstructor$12: java.lang.reflect.Type val$type
com.google.gson.internal.ConstructorConstructor$12: com.google.gson.internal.ConstructorConstructor this$0
com.google.gson.internal.ConstructorConstructor$12: ConstructorConstructor$12(com.google.gson.internal.ConstructorConstructor,java.lang.Class,java.lang.reflect.Type)
com.google.gson.internal.ConstructorConstructor$12: java.lang.Object construct()
com.google.gson.internal.ConstructorConstructor$2
com.google.gson.internal.ConstructorConstructor$2: com.google.gson.InstanceCreator val$rawTypeCreator
com.google.gson.internal.ConstructorConstructor$2: java.lang.reflect.Type val$type
com.google.gson.internal.ConstructorConstructor$2: com.google.gson.internal.ConstructorConstructor this$0
com.google.gson.internal.ConstructorConstructor$2: ConstructorConstructor$2(com.google.gson.internal.ConstructorConstructor,com.google.gson.InstanceCreator,java.lang.reflect.Type)
com.google.gson.internal.ConstructorConstructor$2: java.lang.Object construct()
com.google.gson.internal.ConstructorConstructor$3
com.google.gson.internal.ConstructorConstructor$3: java.lang.reflect.Constructor val$constructor
com.google.gson.internal.ConstructorConstructor$3: com.google.gson.internal.ConstructorConstructor this$0
com.google.gson.internal.ConstructorConstructor$3: ConstructorConstructor$3(com.google.gson.internal.ConstructorConstructor,java.lang.reflect.Constructor)
com.google.gson.internal.ConstructorConstructor$3: java.lang.Object construct()
com.google.gson.internal.ConstructorConstructor$4
com.google.gson.internal.ConstructorConstructor$4: com.google.gson.internal.ConstructorConstructor this$0
com.google.gson.internal.ConstructorConstructor$4: ConstructorConstructor$4(com.google.gson.internal.ConstructorConstructor)
com.google.gson.internal.ConstructorConstructor$4: java.lang.Object construct()
com.google.gson.internal.ConstructorConstructor$5
com.google.gson.internal.ConstructorConstructor$5: java.lang.reflect.Type val$type
com.google.gson.internal.ConstructorConstructor$5: com.google.gson.internal.ConstructorConstructor this$0
com.google.gson.internal.ConstructorConstructor$5: ConstructorConstructor$5(com.google.gson.internal.ConstructorConstructor,java.lang.reflect.Type)
com.google.gson.internal.ConstructorConstructor$5: java.lang.Object construct()
com.google.gson.internal.ConstructorConstructor$6
com.google.gson.internal.ConstructorConstructor$6: com.google.gson.internal.ConstructorConstructor this$0
com.google.gson.internal.ConstructorConstructor$6: ConstructorConstructor$6(com.google.gson.internal.ConstructorConstructor)
com.google.gson.internal.ConstructorConstructor$6: java.lang.Object construct()
com.google.gson.internal.ConstructorConstructor$7
com.google.gson.internal.ConstructorConstructor$7: com.google.gson.internal.ConstructorConstructor this$0
com.google.gson.internal.ConstructorConstructor$7: ConstructorConstructor$7(com.google.gson.internal.ConstructorConstructor)
com.google.gson.internal.ConstructorConstructor$7: java.lang.Object construct()
com.google.gson.internal.ConstructorConstructor$8
com.google.gson.internal.ConstructorConstructor$8: com.google.gson.internal.ConstructorConstructor this$0
com.google.gson.internal.ConstructorConstructor$8: ConstructorConstructor$8(com.google.gson.internal.ConstructorConstructor)
com.google.gson.internal.ConstructorConstructor$8: java.lang.Object construct()