proguard/mapping.txt
com.nibdev.otrtav2.R -> com.nibdev.otrtav2.a:
com.nibdev.otrtav2.R$styleable -> com.nibdev.otrtav2.b:
    int[] DragSortListView -> DragSortListView
    int DragSortListView_click_remove_id -> DragSortListView_click_remove_id
    int DragSortListView_collapsed_height -> DragSortListView_collapsed_height
    int DragSortListView_drag_enabled -> DragSortListView_drag_enabled
    int DragSortListView_drag_handle_id -> DragSortListView_drag_handle_id
    int DragSortListView_drag_scroll_start -> DragSortListView_drag_scroll_start
    int DragSortListView_drag_start_mode -> DragSortListView_drag_start_mode
    int DragSortListView_drop_animation_duration -> DragSortListView_drop_animation_duration
    int DragSortListView_fling_handle_id -> DragSortListView_fling_handle_id
    int DragSortListView_float_alpha -> DragSortListView_float_alpha
    int DragSortListView_float_background_color -> DragSortListView_float_background_color
    int DragSortListView_max_drag_scroll_speed -> DragSortListView_max_drag_scroll_speed
    int DragSortListView_remove_animation_duration -> DragSortListView_remove_animation_duration
    int DragSortListView_remove_enabled -> DragSortListView_remove_enabled
    int DragSortListView_remove_mode -> DragSortListView_remove_mode
    int DragSortListView_slide_shuffle_speed -> DragSortListView_slide_shuffle_speed
    int DragSortListView_sort_enabled -> DragSortListView_sort_enabled
    int DragSortListView_track_drag_sort -> DragSortListView_track_drag_sort
com.nibdev.otrtav2.activities.ActivityAllOff -> com.nibdev.otrtav2.activities.ActivityAllOff:
    android.widget.TextView mTvStatus -> n
    android.widget.ProgressBar mPbSend -> o
    android.widget.Button mBtCancel -> p
    com.nibdev.otrtav2.activities.ActivityAllOff$LoadCodesTask mLoadCodeTask -> q
    com.nibdev.otrtav2.activities.ActivityAllOff$SendCodesTask mSendCodeTask -> r
    boolean mServiceBound -> s
    com.nibdev.otrtav2.service.OTRTAService mService -> t
    com.nibdev.otrtav2.activities.ActivityAllOff$DuplicateFilter mDataFilter -> u
    android.content.ServiceConnection mConnection -> v
    void onCreate(android.os.Bundle) -> onCreate
    void onServiceConnected(com.nibdev.otrtav2.service.OTRTAService) -> a
    void onStop() -> onStop
    void onPause() -> onPause
    void onDestroy() -> onDestroy
    void access$0(com.nibdev.otrtav2.activities.ActivityAllOff,com.nibdev.otrtav2.service.OTRTAService) -> a
    void access$1(com.nibdev.otrtav2.activities.ActivityAllOff,boolean) -> a
    android.widget.ProgressBar access$2(com.nibdev.otrtav2.activities.ActivityAllOff) -> a
    android.widget.TextView access$3(com.nibdev.otrtav2.activities.ActivityAllOff) -> b
    com.nibdev.otrtav2.activities.ActivityAllOff$DuplicateFilter access$4(com.nibdev.otrtav2.activities.ActivityAllOff) -> c
    com.nibdev.otrtav2.service.OTRTAService access$5(com.nibdev.otrtav2.activities.ActivityAllOff) -> d
com.nibdev.otrtav2.activities.ActivityAllOff$1 -> com.nibdev.otrtav2.activities.a:
    com.nibdev.otrtav2.activities.ActivityAllOff this$0 -> a
    void onServiceConnected(android.content.ComponentName,android.os.IBinder) -> onServiceConnected
    void onServiceDisconnected(android.content.ComponentName) -> onServiceDisconnected
com.nibdev.otrtav2.activities.ActivityAllOff$2 -> com.nibdev.otrtav2.activities.b:
    com.nibdev.otrtav2.activities.ActivityAllOff this$0 -> a
    void onClick(android.view.View) -> onClick
com.nibdev.otrtav2.activities.ActivityAllOff$DuplicateFilter -> com.nibdev.otrtav2.activities.c:
    java.util.List mFilteredCodes -> a
    java.util.List getFiltered() -> a
...
android.support.v4.widget.SlidingPaneLayout$PanelSlideListener -> android.support.v4.widget.u:
android.support.v4.widget.SlidingPaneLayout$SavedState -> android.support.v4.widget.SlidingPaneLayout$SavedState:
    boolean isOpen -> a
    android.os.Parcelable$Creator CREATOR -> CREATOR
    void writeToParcel(android.os.Parcel,int) -> writeToParcel
android.support.v4.widget.SlidingPaneLayout$SavedState$1 -> android.support.v4.widget.v:
    android.support.v4.widget.SlidingPaneLayout$SavedState createFromParcel(android.os.Parcel) -> a
    android.support.v4.widget.SlidingPaneLayout$SavedState[] newArray(int) -> a
    java.lang.Object[] newArray(int) -> newArray
    java.lang.Object createFromParcel(android.os.Parcel) -> createFromParcel
android.support.v4.widget.SlidingPaneLayout$SlidingPanelLayoutImpl -> android.support.v4.widget.w:
    void invalidateChildRegion(android.support.v4.widget.SlidingPaneLayout,android.view.View) -> a
android.support.v4.widget.SlidingPaneLayout$SlidingPanelLayoutImplBase -> android.support.v4.widget.x:
    void invalidateChildRegion(android.support.v4.widget.SlidingPaneLayout,android.view.View) -> a
android.support.v4.widget.SlidingPaneLayout$SlidingPanelLayoutImplJB -> android.support.v4.widget.y:
    java.lang.reflect.Method mGetDisplayList -> a
    java.lang.reflect.Field mRecreateDisplayList -> b
    void invalidateChildRegion(android.support.v4.widget.SlidingPaneLayout,android.view.View) -> a
android.support.v4.widget.SlidingPaneLayout$SlidingPanelLayoutImplJBMR1 -> android.support.v4.widget.z:
    void invalidateChildRegion(android.support.v4.widget.SlidingPaneLayout,android.view.View) -> a
android.support.v4.widget.ViewDragHelper -> android.support.v4.widget.aa:
    int mDragState -> a
    int mTouchSlop -> b
    int mActivePointerId -> c
    float[] mInitialMotionX -> d
    float[] mInitialMotionY -> e
    float[] mLastMotionX -> f
    float[] mLastMotionY -> g
    int[] mInitialEdgesTouched -> h
    int[] mEdgeDragsInProgress -> i
    int[] mEdgeDragsLocked -> j
    int mPointersDown -> k
    android.view.VelocityTracker mVelocityTracker -> l
    float mMaxVelocity -> m
    float mMinVelocity -> n
    int mEdgeSize -> o
    int mTrackingEdges -> p
    android.support.v4.widget.ScrollerCompat mScroller -> q
    android.support.v4.widget.ViewDragHelper$Callback mCallback -> r
    android.view.View mCapturedView -> s
    boolean mReleaseInProgress -> t
    android.view.ViewGroup mParentView -> u
    android.view.animation.Interpolator sInterpolator -> v
    java.lang.Runnable mSetIdleRunnable -> w
    android.support.v4.widget.ViewDragHelper create(android.view.ViewGroup,android.support.v4.widget.ViewDragHelper$Callback) -> a
    android.support.v4.widget.ViewDragHelper create(android.view.ViewGroup,float,android.support.v4.widget.ViewDragHelper$Callback) -> a
    void setMinVelocity(float) -> a
    int getViewDragState() -> a
    void setEdgeTrackingEnabled(int) -> a
    int getEdgeSize() -> b
    void captureChildView(android.view.View,int) -> a
    android.view.View getCapturedView() -> c
    int getTouchSlop() -> d
    void cancel() -> e
android.support.v4.widget.ViewDragHelper$1 -> android.support.v4.widget.ab:
    float getInterpolation(float) -> getInterpolation
android.support.v4.widget.ViewDragHelper$2 -> android.support.v4.widget.ac:
    android.support.v4.widget.ViewDragHelper this$0 -> a
    void run() -> run