proguard/usage.txt
com.nibdev.otrtav2.BuildConfig
com.nibdev.otrtav2.R:
    10:10:public R()
com.nibdev.otrtav2.R$anim
com.nibdev.otrtav2.R$attr
com.nibdev.otrtav2.R$color
com.nibdev.otrtav2.R$drawable
com.nibdev.otrtav2.R$id
com.nibdev.otrtav2.R$layout
com.nibdev.otrtav2.R$menu
com.nibdev.otrtav2.R$raw
com.nibdev.otrtav2.R$string
com.nibdev.otrtav2.R$style
com.nibdev.otrtav2.R$styleable:
    479:479:public R$styleable()
com.nibdev.otrtav2.R$xml
com.nibdev.otrtav2.model.NQ:
    19:19:private NQ()
    106:109:public static void safeAwaitTermination(java.util.concurrent.ThreadPoolExecutor,long)
    130:131:public static void onUiThread(android.view.View,java.lang.Runnable)
    134:140:public static void toastOnUiThread(java.lang.String,int)
    144:148:public static java.lang.String humanReadableByteCount(long,boolean)
    154:156:public static void safeTryAquire(java.util.concurrent.Semaphore,int,java.util.concurrent.TimeUnit)
com.nibdev.otrtav2.model.NQ$1
com.nibdev.otrtav2.model.Statics:
    6:6:private Statics()
com.nibdev.otrtav2.model.database.DB2:
    public static final java.lang.String DB_NAME
    private static final int DB_VERSION
    public static final java.lang.String TABLE_ALLOCATIONS
    public static final java.lang.String COLUMN_ID
    public static final java.lang.String COLUMN_VENDORID
    public static final java.lang.String COLUMN_DEVICETYPE
    public static final java.lang.String COLUMN_CODESETID
    public static final java.lang.String TABLE_CODETYPES
    public static final java.lang.String TABLE_CODES
    public static final java.lang.String COLUMN_CODEDATA
    public static final java.lang.String COLUMN_CODETYPEID
    public static final java.lang.String TABLE_VENDORS
    public static final java.lang.String COLUMN_NAME
com.nibdev.otrtav2.model.database.DBLocal:
    public static final java.lang.String TABLE_VENDORS
    public static final java.lang.String COLUMN_ID
    public static final java.lang.String COLUMN_NAME
    public static final java.lang.String TABLE_MODELS
    public static final java.lang.String COLUMN_VENID
    public static final java.lang.String COLUMN_DEVTYPEID
    public static final java.lang.String TABLE_DEVICETYPES
    public static final java.lang.String TABLE_CODETYPES
    public static final java.lang.String TABLE_CODES
    public static final java.lang.String COLUMN_CODEDATA
    public static final java.lang.String TABLE_CODEALLOCATIONS
    public static final java.lang.String COLUMN_MODELID
    public static final java.lang.String COLUMN_CODEID
    public static final java.lang.String COLUMN_CODETYPEID
    public static final java.lang.String TABLE_CODETYPEMAPPINGS
    public static final java.lang.String TABLE_SCRIPTS
    public static final java.lang.String COLUMN_SCRIPTDATA
    public static final java.lang.String TABLE_BUTTONS
    public static final java.lang.String COLUMN_CODEALLOCATIONID
    public static final java.lang.String COLUMN_MODELCOUNT
    public static final java.lang.String COLUMN_CODECOUNT
    47:48:public void removeOnNewLocalDataListener(com.nibdev.otrtav2.model.database.DBLocal$OnNewLocalDataListener)
    163:178:public java.util.List getAllButtons()
com.nibdev.otrtav2.model.database.DBLocalHelper:
    public static final java.lang.String DB_NAME
    private static final int DB_VERSION
    48:48:public void purgeNotUserTables()
...
android.support.v4.app.TaskStackBuilder$TaskStackBuilderImplHoneycomb
android.support.v4.app.TaskStackBuilder$TaskStackBuilderImplJellybean
android.support.v4.app.TaskStackBuilderHoneycomb
android.support.v4.app.TaskStackBuilderJellybean
android.support.v4.content.AsyncTaskLoader
android.support.v4.content.AsyncTaskLoader$LoadTask
android.support.v4.content.ContextCompat
android.support.v4.content.ContextCompatHoneycomb
android.support.v4.content.ContextCompatJellybean
android.support.v4.content.CursorLoader
android.support.v4.content.FileProvider
android.support.v4.content.FileProvider$PathStrategy
android.support.v4.content.FileProvider$SimplePathStrategy
android.support.v4.content.IntentCompat
android.support.v4.content.IntentCompat$IntentCompatImpl
android.support.v4.content.IntentCompat$IntentCompatImplBase
android.support.v4.content.IntentCompat$IntentCompatImplHC
android.support.v4.content.IntentCompat$IntentCompatImplIcsMr1
android.support.v4.content.IntentCompatHoneycomb
android.support.v4.content.IntentCompatIcsMr1
android.support.v4.content.Loader:
    android.content.Context mContext
    90:92:public Loader(android.content.Context)
    102:105:public void deliverResult(java.lang.Object)
    111:111:public android.content.Context getContext()
    118:118:public int getId()
    157:157:public boolean isStarted()
    166:166:public boolean isAbandoned()
    175:175:public boolean isReset()
    217:218:public void forceLoad()
    225:225:protected void onForceLoad()
    261:263:public void abandon()
    275:275:protected void onAbandon()
    312:314:public boolean takeContentChanged()
    326:334:public void onContentChanged()
android.support.v4.content.Loader$ForceLoadContentObserver
android.support.v4.content.Loader$OnLoadCompleteListener:
    public abstract void onLoadComplete(android.support.v4.content.Loader,java.lang.Object)
android.support.v4.content.LocalBroadcastManager
android.support.v4.content.LocalBroadcastManager$1
android.support.v4.content.LocalBroadcastManager$BroadcastRecord
android.support.v4.content.LocalBroadcastManager$ReceiverRecord
android.support.v4.content.ModernAsyncTask
android.support.v4.content.ModernAsyncTask$1
android.support.v4.content.ModernAsyncTask$2
android.support.v4.content.ModernAsyncTask$3
android.support.v4.content.ModernAsyncTask$4
android.support.v4.content.ModernAsyncTask$AsyncTaskResult
android.support.v4.content.ModernAsyncTask$InternalHandler
android.support.v4.content.ModernAsyncTask$Status
android.support.v4.content.ModernAsyncTask$WorkerRunnable
android.support.v4.content.pm.ActivityInfoCompat
android.support.v4.database.DatabaseUtilsCompat
android.support.v4.net.ConnectivityManagerCompat
android.support.v4.net.ConnectivityManagerCompat$BaseConnectivityManagerCompatImpl
android.support.v4.net.ConnectivityManagerCompat$ConnectivityManagerCompatImpl
android.support.v4.net.ConnectivityManagerCompat$GingerbreadConnectivityManagerCompatImpl
android.support.v4.net.ConnectivityManagerCompat$HoneycombMR2ConnectivityManagerCompatImpl
android.support.v4.net.ConnectivityManagerCompat$JellyBeanConnectivityManagerCompatImpl
android.support.v4.net.ConnectivityManagerCompatGingerbread
android.support.v4.net.ConnectivityManagerCompatHoneycombMR2
android.support.v4.net.ConnectivityManagerCompatJellyBean
android.support.v4.net.TrafficStatsCompat
android.support.v4.net.TrafficStatsCompat$1
android.support.v4.net.TrafficStatsCompat$BaseTrafficStatsCompatImpl
android.support.v4.net.TrafficStatsCompat$BaseTrafficStatsCompatImpl$1
android.support.v4.net.TrafficStatsCompat$BaseTrafficStatsCompatImpl$SocketTags
android.support.v4.net.TrafficStatsCompat$IcsTrafficStatsCompatImpl
android.support.v4.net.TrafficStatsCompat$TrafficStatsCompatImpl
android.support.v4.net.TrafficStatsCompatIcs
android.support.v4.os.ParcelableCompat:
    26:42:public ParcelableCompat()
android.support.v4.os.ParcelableCompatCreatorHoneycombMR2Stub:
    22:22:ParcelableCompatCreatorHoneycombMR2Stub()